2026.04.06 18:49:01 INFO  Started: Metals version 1.6.6 in folders 'C:\Users\meghn\Desktop\github\banking-rfp-automation-engine' for client Visual Studio Code 1.114.0.
2026.04.06 18:49:01 INFO  Memory monitor started
2026.04.06 18:49:06 WARN  Using H2 2.4.240 which is newer than the version Flyway has been verified with. The latest verified version of H2 is 2.3.232.
2026.04.06 18:49:15 WARN  no build target for: C:\Users\meghn\Desktop\github\banking-rfp-automation-engine\src\main\java\com\bank\rfp\controller\service\IngestionService.java
2026.04.06 18:49:16 WARN  no build target for: C:\Users\meghn\Desktop\github\banking-rfp-automation-engine\src\main\java\com\bank\rfp\controller\RfpController.java
2026.04.06 18:49:16 WARN  no build target for: C:\Users\meghn\Desktop\github\banking-rfp-automation-engine\src\main\java\com\bank\rfp\controller\service\DraftingService.java
2026.04.06 18:50:45 INFO  no build target found for C:\Users\meghn\Desktop\github\banking-rfp-automation-engine\src\main\java\com\bank\rfp\controller\RfpController.java. Using fallback presentation compiler.
2026.04.06 18:50:50 WARN  no build target for: C:\Users\meghn\Desktop\github\banking-rfp-automation-engine\src\main\java\com\bank\rfp\controller\RfpController.java
Apr 06, 2026 6:50:50 PM org.eclipse.lsp4j.jsonrpc.RemoteEndpoint handleCancellation
WARNING: Unmatched cancel notification for request id 1
2026.04.06 18:54:02 INFO  no build target found for C:\Users\meghn\Desktop\github\banking-rfp-automation-engine\src\main\java\com\bank\rfp\controller\RfpController.java. Using fallback presentation compiler.
2026.04.06 18:54:02 WARN  no build target for: C:\Users\meghn\Desktop\github\banking-rfp-automation-engine\src\main\java\com\bank\rfp\controller\RfpController.java
Apr 06, 2026 6:54:02 PM org.eclipse.lsp4j.jsonrpc.RemoteEndpoint handleCancellation
WARNING: Unmatched cancel notification for request id 3
2026.04.06 18:54:02 INFO  no build target found for C:\Users\meghn\Desktop\github\banking-rfp-automation-engine\src\main\java\com\bank\rfp\controller\RfpController.java. Using fallback presentation compiler.
Apr 06, 2026 6:54:02 PM org.eclipse.lsp4j.jsonrpc.RemoteEndpoint handleCancellation
WARNING: Unmatched cancel notification for request id 5
2026.04.06 18:54:02 INFO  no build target found for C:\Users\meghn\Desktop\github\banking-rfp-automation-engine\src\main\java\com\bank\rfp\controller\RfpController.java. Using fallback presentation compiler.
2026.04.06 18:54:02 INFO  no build target found for C:\Users\meghn\Desktop\github\banking-rfp-automation-engine\src\main\java\com\bank\rfp\controller\RfpController.java. Using fallback presentation compiler.
2026.04.06 18:54:02 INFO  no build target found for C:\Users\meghn\Desktop\github\banking-rfp-automation-engine\src\main\java\com\bank\rfp\controller\RfpController.java. Using fallback presentation compiler.
2026.04.06 18:54:03 INFO  no build target found for C:\Users\meghn\Desktop\github\banking-rfp-automation-engine\src\main\java\com\bank\rfp\controller\RfpController.java. Using fallback presentation compiler.
2026.04.06 18:54:32 INFO  no build target found for C:\Users\meghn\Desktop\github\banking-rfp-automation-engine\src\main\java\com\bank\rfp\controller\service\IngestionService.java. Using fallback presentation compiler.
2026.04.06 18:54:32 INFO  no build target found for C:\Users\meghn\Desktop\github\banking-rfp-automation-engine\src\main\java\com\bank\rfp\controller\service\DraftingService.java. Using fallback presentation compiler.
2026.04.06 18:54:32 WARN  no build target for: C:\Users\meghn\Desktop\github\banking-rfp-automation-engine\src\main\java\com\bank\rfp\controller\service\DraftingService.java
Apr 06, 2026 6:54:32 PM org.eclipse.lsp4j.jsonrpc.RemoteEndpoint handleCancellation
WARNING: Unmatched cancel notification for request id 14
2026.04.06 18:54:32 INFO  no build target found for C:\Users\meghn\Desktop\github\banking-rfp-automation-engine\src\main\java\com\bank\rfp\controller\service\DraftingService.java. Using fallback presentation compiler.
2026.04.06 18:54:33 INFO  no build target found for C:\Users\meghn\Desktop\github\banking-rfp-automation-engine\src\main\java\com\bank\rfp\controller\service\DraftingService.java. Using fallback presentation compiler.
Apr 06, 2026 6:54:34 PM org.eclipse.lsp4j.jsonrpc.RemoteEndpoint handleCancellation
WARNING: Unmatched cancel notification for request id 16
2026.04.06 18:54:34 INFO  no build target found for C:\Users\meghn\Desktop\github\banking-rfp-automation-engine\src\main\java\com\bank\rfp\controller\service\DraftingService.java. Using fallback presentation compiler.
2026.04.06 18:54:33 INFO  no build target found for C:\Users\meghn\Desktop\github\banking-rfp-automation-engine\src\main\java\com\bank\rfp\controller\RfpController.java. Using fallback presentation compiler.
Apr 06, 2026 6:54:34 PM org.eclipse.lsp4j.jsonrpc.RemoteEndpoint handleCancellation
WARNING: Unmatched cancel notification for request id 20
Apr 06, 2026 6:54:34 PM org.eclipse.lsp4j.jsonrpc.RemoteEndpoint handleCancellation
WARNING: Unmatched cancel notification for request id 18
Apr 06, 2026 6:54:34 PM org.eclipse.lsp4j.jsonrpc.RemoteEndpoint handleCancellation
WARNING: Unmatched cancel notification for request id 22
Apr 06, 2026 6:54:34 PM org.eclipse.lsp4j.jsonrpc.RemoteEndpoint handleCancellation
WARNING: Unmatched cancel notification for request id 17
Apr 06, 2026 6:54:34 PM org.eclipse.lsp4j.jsonrpc.RemoteEndpoint handleCancellation
WARNING: Unmatched cancel notification for request id 19
2026.04.06 18:54:33 INFO  no build target found for C:\Users\meghn\Desktop\github\banking-rfp-automation-engine\src\main\java\com\bank\rfp\controller\service\DraftingService.java. Using fallback presentation compiler.
Apr 06, 2026 6:55:04 PM org.eclipse.lsp4j.jsonrpc.services.GenericEndpoint notify
INFO: Unsupported notification method: $/setTrace
